{
  "RSpec": {
    "coverage": {
      "/home/wonderful-pattern-3778/tic-tac-toe-rb-ruby-apply-000/lib/tic_tac_toe.rb": [
        null,
        null,
        null,
        1,
        null,
        null,
        null,
        null,
        null,
        null,
        null,
        null,
        null,
        null,
        1,
        null,
        5,
        null,
        5,
        5,
        5,
        5,
        5,
        null,
        null,
        null,
        1,
        6,
        6,
        null,
        null,
        null,
        1,
        3,
        null,
        3,
        null,
        3,
        3,
        null,
        null,
        3,
        2,
        2,
        0,
        null,
        1,
        1,
        null,
        0,
        null,
        null,
        null,
        1,
        8,
        null,
        null,
        null,
        1,
        null,
        6,
        3,
        3,
        null,
        3,
        null,
        null,
        null,
        null,
        1,
        5,
        5,
        45,
        5,
        null,
        null,
        5,
        null,
        null,
        null,
        1,
        4,
        4,
        null,
        0,
        null,
        4,
        null,
        null,
        null,
        null,
        1,
        4,
        4,
        null,
        null
      ]
    },
    "timestamp": 1598551931
  }
}
